<?xml version="1.0" encoding="UTF-8"?>
<testng-results skipped="0" failed="0" ignored="0" total="1" passed="1">
  <reporter-output>
  </reporter-output>
  <suite name="Default suite" duration-ms="4719" started-at="2020-05-19T20:20:11Z" finished-at="2020-05-19T20:20:16Z">
    <groups>
    </groups>
    <test name="Default test" duration-ms="4719" started-at="2020-05-19T20:20:11Z" finished-at="2020-05-19T20:20:16Z">
      <class name="TestMavenPackage.TestClass">
        <test-method status="PASS" signature="TC01_TestGoogle()[pri:0, instance:TestMavenPackage.TestClass@4411d970]" name="TC01_TestGoogle" duration-ms="4677" started-at="2020-05-19T20:20:11Z" finished-at="2020-05-19T20:20:16Z">
          <reporter-output>
          </reporter-output>
        </test-method> <!-- TC01_TestGoogle -->
      </class> <!-- TestMavenPackage.TestClass -->
    </test> <!-- Default test -->
  </suite> <!-- Default suite -->
</testng-results>
